TN:
SF:src/use-cases/submit-feedback-use-case.ts
FN:19,execute
FN:13,SubmitFeedbackUseCase
FNF:2
FNH:2
FNDA:1,execute
FNDA:1,SubmitFeedbackUseCase
DA:1,1
DA:2,1
DA:3,1
DA:4,1
DA:5,1
DA:6,1
DA:7,1
DA:8,1
DA:9,1
DA:10,1
DA:11,1
DA:12,1
DA:13,1
DA:14,1
DA:15,1
DA:16,1
DA:17,1
DA:18,1
DA:19,1
DA:20,1
DA:21,1
DA:22,1
DA:23,1
DA:24,0
DA:25,0
DA:26,1
DA:27,1
DA:28,1
DA:29,0
DA:30,0
DA:31,1
DA:32,1
DA:33,1
DA:34,0
DA:35,0
DA:36,1
DA:37,1
DA:38,1
DA:39,1
DA:40,1
DA:41,1
DA:42,1
DA:43,1
DA:44,1
DA:45,1
DA:46,1
DA:47,1
DA:48,1
DA:49,1
DA:50,1
DA:51,1
DA:52,1
DA:53,1
DA:54,1
DA:55,1
LF:55
LH:49
BRDA:19,0,0,1
BRDA:23,1,0,0
BRDA:28,2,0,0
BRDA:33,3,0,0
BRDA:13,4,0,1
BRF:5
BRH:2
end_of_record
